<?xml version="1.0" encoding="UTF-8"?>
<testsuite xmlns:xsi="http://www.w3.org/2001/XMLSchema-instance" xsi:noNamespaceSchemaLocation="https://maven.apache.org/surefire/maven-surefire-plugin/xsd/surefire-test-report.xsd" name="runner.TestRunner" time="71.579" tests="7" errors="2" skipped="0" failures="0">
  <properties>
[...]
</properties>
  <testcase name="Given Open Firefox and start application" classname="Scenario: Test with login valid credentials" time="0.002"/>
  <testcase name="When Enter valid &quot;naveenm2@kpit.com&quot; and valid &quot;mnk_77788&quot;" classname="Scenario: Test with login valid credentials" time="0"/>
  <testcase name="Then User should able to login successfully and navigated to Home page" classname="Scenario: Test with login valid credentials" time="0"/>
  <testcase name="Then User Clicked on Timelog button and Enter the Timelog for the Tue and Thu days for Hrs" classname="Scenario: Test with login valid credentials" time="0"/>
  <testcase name="Scenario: Test with login valid credentials" classname="Scenario: Test with login valid credentials" time="0.001"/>
  <testcase name="Then User clicked on KPMS link and User nagivated to KPMS website" classname="Scenario: Attendance Over view" time="0.007">
    <error type="java.lang.NullPointerException">java.lang.NullPointerException
</error>
    <system-out><![CDATA[
  @tag1
  Scenario: Test with login valid credentials                                                  &amp#27;[90m# MyApplication.feature:23&amp#27;[0m
    &amp#27;[32mGiven &amp#27;[0m&amp#27;[32mOpen Firefox and start application&amp#27;[0m                                                   &amp#27;[90m# Smoketest.open_chrome_and_start_application()&amp#27;[0m
    &amp#27;[32mWhen &amp#27;[0m&amp#27;[32mEnter valid "&amp#27;[0m&amp#27;[32m&amp#27;[1mnaveenm2@kpit.com&amp#27;[0m&amp#27;[32m" and valid "&amp#27;[0m&amp#27;[32m&amp#27;[1mmnk_77788&amp#27;[0m&amp#27;[32m"&amp#27;[0m                                 &amp#27;[90m# Smoketest.enter_valid_mailid_and_valid_password(String,String)&amp#27;[0m
    &amp#27;[32mThen &amp#27;[0m&amp#27;[32mUser should able to login successfully and navigated to Home page&amp#27;[0m                     &amp#27;[90m# Smoketest.user_should_able_to_login_successfully_and_navigated_to_Home_page()&amp#27;[0m
    &amp#27;[32mThen &amp#27;[0m&amp#27;[32mUser Clicked on Timelog button and Enter the Timelog for the Tue and Thu days for Hrs&amp#27;[0m &amp#27;[90m# Smoketest.user_Clicked_on_Timelog_button_and_Enter_the_Timelog_for_the_Tue_and_Thu_days_for_Hrs()&amp#27;[0m
]]></system-out>
  </testcase>
  <testcase name="Scenario: Attendance Over view" classname="Scenario: Attendance Over view" time="0.007">
    <error type="java.lang.NullPointerException">java.lang.NullPointerException
</error>
  </testcase>
</testsuite>